[2019-03-19 13:39:44.534] [exthost1] [info] extension host started
[2019-03-19 13:39:44.577] [exthost1] [info] ExtensionService#_doActivateExtension vscode.debug-auto-launch {"startup":true,"activationEvent":"*"}
[2019-03-19 13:39:44.578] [exthost1] [info] ExtensionService#loadCommonJSModule c:\Users\Jake\.codemix\engine\resources\app\extensions\debug-auto-launch\out\extension
[2019-03-19 13:39:44.595] [exthost1] [info] ExtensionService#_doActivateExtension vscode.emmet {"startup":true,"activationEvent":"*"}
[2019-03-19 13:39:44.595] [exthost1] [info] ExtensionService#loadCommonJSModule c:\Users\Jake\.codemix\engine\resources\app\extensions\emmet\dist\extension
[2019-03-19 13:39:44.679] [exthost1] [info] ExtensionService#_doActivateExtension vscode.merge-conflict {"startup":true,"activationEvent":"*"}
[2019-03-19 13:39:44.679] [exthost1] [info] ExtensionService#loadCommonJSModule c:\Users\Jake\.codemix\engine\resources\app\extensions\merge-conflict\out\extension
[2019-03-19 13:39:44.723] [exthost1] [info] ExtensionService#_doActivateExtension vscode.search-rg {"startup":true,"activationEvent":"*"}
[2019-03-19 13:39:44.724] [exthost1] [info] ExtensionService#loadCommonJSModule c:\Users\Jake\.codemix\engine\resources\app\extensions\search-rg\out\extension
[2019-03-19 13:39:44.750] [exthost1] [info] ExtensionService#_doActivateExtension christian-kohler.path-intellisense {"startup":true,"activationEvent":"*"}
[2019-03-19 13:39:44.750] [exthost1] [info] ExtensionService#loadCommonJSModule C:\Users\Jake\.codemix\extensions\christian-kohler.path-intellisense-1.4.2\out\src\extension
[2019-03-19 13:39:44.793] [exthost1] [info] ExtensionService#_doActivateExtension dbaeumer.vscode-eslint {"startup":true,"activationEvent":"*"}
[2019-03-19 13:39:44.793] [exthost1] [info] ExtensionService#loadCommonJSModule C:\Users\Jake\.codemix\extensions\dbaeumer.vscode-eslint-1.4.10\client\out\extension
[2019-03-19 13:39:44.931] [exthost1] [info] ExtensionService#_doActivateExtension formulahendry.auto-close-tag {"startup":true,"activationEvent":"*"}
[2019-03-19 13:39:44.931] [exthost1] [info] ExtensionService#loadCommonJSModule C:\Users\Jake\.codemix\extensions\formulahendry.auto-close-tag-0.5.6\out\src\extension
[2019-03-19 13:39:44.934] [exthost1] [info] ExtensionService#_doActivateExtension formulahendry.auto-rename-tag {"startup":true,"activationEvent":"*"}
[2019-03-19 13:39:44.934] [exthost1] [info] ExtensionService#loadCommonJSModule C:\Users\Jake\.codemix\extensions\formulahendry.auto-rename-tag-0.0.15\out\src\extension
[2019-03-19 13:39:44.940] [exthost1] [info] eager extensions activated
[2019-03-19 13:39:45.191] [exthost1] [info] extension host started
[2019-03-19 13:39:45.235] [exthost1] [info] ExtensionService#_doActivateExtension vscode.debug-auto-launch {"startup":true,"activationEvent":"*"}
[2019-03-19 13:39:45.236] [exthost1] [info] ExtensionService#loadCommonJSModule c:\Users\Jake\.codemix\engine\resources\app\extensions\debug-auto-launch\out\extension
[2019-03-19 13:39:45.251] [exthost1] [info] ExtensionService#_doActivateExtension vscode.emmet {"startup":true,"activationEvent":"*"}
[2019-03-19 13:39:45.251] [exthost1] [info] ExtensionService#loadCommonJSModule c:\Users\Jake\.codemix\engine\resources\app\extensions\emmet\dist\extension
[2019-03-19 13:39:45.318] [exthost1] [info] ExtensionService#_doActivateExtension vscode.merge-conflict {"startup":true,"activationEvent":"*"}
[2019-03-19 13:39:45.318] [exthost1] [info] ExtensionService#loadCommonJSModule c:\Users\Jake\.codemix\engine\resources\app\extensions\merge-conflict\out\extension
[2019-03-19 13:39:45.345] [exthost1] [info] ExtensionService#_doActivateExtension vscode.search-rg {"startup":true,"activationEvent":"*"}
[2019-03-19 13:39:45.345] [exthost1] [info] ExtensionService#loadCommonJSModule c:\Users\Jake\.codemix\engine\resources\app\extensions\search-rg\out\extension
[2019-03-19 13:39:45.357] [exthost1] [info] ExtensionService#_doActivateExtension christian-kohler.path-intellisense {"startup":true,"activationEvent":"*"}
[2019-03-19 13:39:45.357] [exthost1] [info] ExtensionService#loadCommonJSModule C:\Users\Jake\.codemix\extensions\christian-kohler.path-intellisense-1.4.2\out\src\extension
[2019-03-19 13:39:45.383] [exthost1] [info] ExtensionService#_doActivateExtension dbaeumer.vscode-eslint {"startup":true,"activationEvent":"*"}
[2019-03-19 13:39:45.383] [exthost1] [info] ExtensionService#loadCommonJSModule C:\Users\Jake\.codemix\extensions\dbaeumer.vscode-eslint-1.4.10\client\out\extension
[2019-03-19 13:39:45.499] [exthost1] [info] ExtensionService#_doActivateExtension formulahendry.auto-close-tag {"startup":true,"activationEvent":"*"}
[2019-03-19 13:39:45.499] [exthost1] [info] ExtensionService#loadCommonJSModule C:\Users\Jake\.codemix\extensions\formulahendry.auto-close-tag-0.5.6\out\src\extension
[2019-03-19 13:39:45.501] [exthost1] [info] ExtensionService#_doActivateExtension formulahendry.auto-rename-tag {"startup":true,"activationEvent":"*"}
[2019-03-19 13:39:45.501] [exthost1] [info] ExtensionService#loadCommonJSModule C:\Users\Jake\.codemix\extensions\formulahendry.auto-rename-tag-0.0.15\out\src\extension
[2019-03-19 13:39:45.506] [exthost1] [info] eager extensions activated
[2019-03-19 13:39:45.506] [exthost1] [info] ExtensionService#_doActivateExtension vscode.grunt {"startup":false,"activationEvent":"onCommand:workbench.action.tasks.runTask"}
[2019-03-19 13:39:45.506] [exthost1] [info] ExtensionService#loadCommonJSModule c:\Users\Jake\.codemix\engine\resources\app\extensions\grunt\out\main
[2019-03-19 13:39:45.513] [exthost1] [info] ExtensionService#_doActivateExtension vscode.gulp {"startup":false,"activationEvent":"onCommand:workbench.action.tasks.runTask"}
[2019-03-19 13:39:45.513] [exthost1] [info] ExtensionService#loadCommonJSModule c:\Users\Jake\.codemix\engine\resources\app\extensions\gulp\out\main
[2019-03-19 13:39:45.519] [exthost1] [info] ExtensionService#_doActivateExtension vscode.jake {"startup":false,"activationEvent":"onCommand:workbench.action.tasks.runTask"}
[2019-03-19 13:39:45.519] [exthost1] [info] ExtensionService#loadCommonJSModule c:\Users\Jake\.codemix\engine\resources\app\extensions\jake\out\main
[2019-03-19 13:39:45.526] [exthost1] [info] ExtensionService#_doActivateExtension vscode.npm {"startup":false,"activationEvent":"onCommand:workbench.action.tasks.runTask"}
[2019-03-19 13:39:45.526] [exthost1] [info] ExtensionService#loadCommonJSModule c:\Users\Jake\.codemix\engine\resources\app\extensions\npm\out\main
[2019-03-19 13:39:45.601] [exthost1] [info] ExtensionService#_doActivateExtension vscode.typescript-language-features {"startup":false,"activationEvent":"onCommand:workbench.action.tasks.runTask"}
[2019-03-19 13:39:45.601] [exthost1] [info] ExtensionService#loadCommonJSModule c:\Users\Jake\.codemix\engine\resources\app\extensions\typescript-language-features\dist\extension
[2019-03-19 13:39:45.737] [exthost1] [info] ExtensionService#_doActivateExtension vscode.configuration-editing {"startup":false,"activationEvent":"onLanguage:jsonc"}
[2019-03-19 13:39:45.737] [exthost1] [info] ExtensionService#loadCommonJSModule c:\Users\Jake\.codemix\engine\resources\app\extensions\configuration-editing\out\extension
[2019-03-19 13:39:45.750] [exthost1] [info] ExtensionService#_doActivateExtension vscode.json-language-features {"startup":false,"activationEvent":"onLanguage:jsonc"}
[2019-03-19 13:39:45.750] [exthost1] [info] ExtensionService#loadCommonJSModule c:\Users\Jake\.codemix\engine\resources\app\extensions\json-language-features\client\dist\jsonMain
